{"name": "test_login_successfully[test-h]", "status": "failed", "statusDetails": {"message": "AssertionError: logged is not successful\nassert False\n +  where False = <bound method LoginPage.is_user_logged_in of <pages.login_page.LoginPage object at 0x000002637D9C4B30>>()\n +    where <bound method LoginPage.is_user_logged_in of <pages.login_page.LoginPage object at 0x000002637D9C4B30>> = <pages.login_page.LoginPage object at 0x000002637D9C4B30>.is_user_logged_in", "trace": "self = <test_login.TestLogIn object at 0x000002637D976360>, driver = <selenium.webdriver.chrome.webdriver.WebDriver (session=\"692cdaab584f7fe1c3d1230c46fb5006\")>\nuser_name = 'test-h'\n\n    @pytest.mark.parametrize(\"user_name\", [LoginTestData.VALID_USERNAME_HR, LoginTestData.INVALID_USERNAME_HR])\n    def test_login_successfully(self, driver, user_name):\n        login_page = LoginPage(driver)\n        login_page.log_in(user_name, LoginTestData.VALID_PASSWORD)\n>       assert login_page.is_user_logged_in(), \"logged is not successful\"\nE       AssertionError: logged is not successful\nE       assert False\nE        +  where False = <bound method LoginPage.is_user_logged_in of <pages.login_page.LoginPage object at 0x000002637D9C4B30>>()\nE        +    where <bound method LoginPage.is_user_logged_in of <pages.login_page.LoginPage object at 0x000002637D9C4B30>> = <pages.login_page.LoginPage object at 0x000002637D9C4B30>.is_user_logged_in\n\ntests\\test_login.py:13: AssertionError"}, "attachments": [{"name": "log", "source": "dbc10a82-a5b8-4cb0-a63d-c47e30f0614f-attachment.txt", "type": "text/plain"}], "parameters": [{"name": "user_name", "value": "'test-h'"}], "start": 1708547816838, "stop": 1708547817160, "uuid": "5a3f221b-a119-42bc-b6a9-df394f1154b8", "historyId": "1486c278e2872afe8ce134510aa93597", "testCaseId": "397716afea9180929546ecc987c0db8b", "fullName": "tests.test_login.TestLogIn#test_login_successfully", "labels": [{"name": "tag", "value": "@pytest.mark.usefixtures('driver')"}, {"name": "parentSuite", "value": "tests"}, {"name": "suite", "value": "test_login"}, {"name": "subSuite", "value": "TestLogIn"}, {"name": "host", "value": "Roaa"}, {"name": "thread", "value": "6636-MainThread"}, {"name": "framework", "value": "pytest"}, {"name": "language", "value": "cpython3"}, {"name": "package", "value": "tests.test_login"}]}