{"name": "test_login_successfully[test-h]", "status": "failed", "statusDetails": {"message": "AssertionError: logged is not successful\nassert False\n +  where False = <bound method LoginPage.is_user_logged_in of <pages.login_page.LoginPage object at 0x00000256079F94F0>>()\n +    where <bound method LoginPage.is_user_logged_in of <pages.login_page.LoginPage object at 0x00000256079F94F0>> = <pages.login_page.LoginPage object at 0x00000256079F94F0>.is_user_logged_in", "trace": "self = <test_login.TestLogIn object at 0x0000025607960FB0>, driver = <selenium.webdriver.chrome.webdriver.WebDriver (session=\"3b0e68cff4c2bdb8ba6ee1abbf56d8e8\")>\nuser_name = 'test-h'\n\n    @pytest.mark.parametrize(\"user_name\", [LoginTestData.VALID_USERNAME_HR, LoginTestData.INVALID_USERNAME_HR])\n    def test_login_successfully(self, driver, user_name):\n        login_page = LoginPage(driver)\n        login_page.log_in(user_name, LoginTestData.VALID_PASSWORD)\n>       assert login_page.is_user_logged_in(), \"logged is not successful\"\nE       AssertionError: logged is not successful\nE       assert False\nE        +  where False = <bound method LoginPage.is_user_logged_in of <pages.login_page.LoginPage object at 0x00000256079F94F0>>()\nE        +    where <bound method LoginPage.is_user_logged_in of <pages.login_page.LoginPage object at 0x00000256079F94F0>> = <pages.login_page.LoginPage object at 0x00000256079F94F0>.is_user_logged_in\n\ntests\\test_login.py:13: AssertionError"}, "attachments": [{"name": "log", "source": "98f9172c-46b0-4330-a85a-9ca8ef09afd5-attachment.txt", "type": "text/plain"}], "parameters": [{"name": "user_name", "value": "'test-h'"}], "start": 1708521047175, "stop": 1708521047480, "uuid": "ae55d6a8-f58f-4072-b531-ec18d41af6b9", "historyId": "1486c278e2872afe8ce134510aa93597", "testCaseId": "397716afea9180929546ecc987c0db8b", "fullName": "tests.test_login.TestLogIn#test_login_successfully", "labels": [{"name": "tag", "value": "@pytest.mark.usefixtures('driver')"}, {"name": "parentSuite", "value": "tests"}, {"name": "suite", "value": "test_login"}, {"name": "subSuite", "value": "TestLogIn"}, {"name": "host", "value": "Roaa"}, {"name": "thread", "value": "9792-MainThread"}, {"name": "framework", "value": "pytest"}, {"name": "language", "value": "cpython3"}, {"name": "package", "value": "tests.test_login"}]}